\BOOKMARK [0][-]{chapter.1}{Introduction}{}% 1
\BOOKMARK [0][-]{chapter.2}{Instructions for Making the Example Knots}{}% 2
\BOOKMARK [1][-]{section.2.1}{Materials}{chapter.2}% 3
\BOOKMARK [1][-]{section.2.2}{Overview}{chapter.2}% 4
\BOOKMARK [1][-]{section.2.3}{Running Stitch markers}{chapter.2}% 5
\BOOKMARK [1][-]{section.2.4}{How to Read the Patterns}{chapter.2}% 6
\BOOKMARK [1][-]{section.2.5}{Assembly and Finishing}{chapter.2}% 7
\BOOKMARK [1][-]{section.2.6}{Rectangle Example Knot}{chapter.2}% 8
\BOOKMARK [1][-]{section.2.7}{Border Example Knot}{chapter.2}% 9
\BOOKMARK [1][-]{section.2.8}{Border Example Knot Gallery}{chapter.2}% 10
\BOOKMARK [1][-]{section.2.9}{Knot specifications}{chapter.2}% 11
\BOOKMARK [0][-]{chapter.3}{Drawing Knots}{}% 12
\BOOKMARK [1][-]{section.3.1}{Algorithmic Approach to Drawing Rectangular Knots}{chapter.3}% 13
\BOOKMARK [1][-]{section.3.2}{Practical Considerations}{chapter.3}% 14
\BOOKMARK [1][-]{section.3.3}{Special Case: Drawing Runs}{chapter.3}% 15
\BOOKMARK [0][-]{chapter.4}{Translating Knots to Crochet, Part 1}{}% 16
\BOOKMARK [1][-]{section*.43}{ \040No math in this part. How to turn a knot \(like those made in Chapter 3\) into a crochet pattern.}{chapter.4}% 17
\BOOKMARK [1][-]{section.4.1}{Starting location and direction}{chapter.4}% 18
\BOOKMARK [1][-]{section.4.2}{Standard Components}{chapter.4}% 19
\BOOKMARK [1][-]{section.4.3}{Example: Identifying Standard Components}{chapter.4}% 20
\BOOKMARK [1][-]{section.4.4}{Example: Runs}{chapter.4}% 21
\BOOKMARK [1][-]{section.4.5}{Number Intersections}{chapter.4}% 22
\BOOKMARK [1][-]{section.4.6}{Components to Patterns}{chapter.4}% 23
\BOOKMARK [2][-]{subsection.4.6.1}{How to do it all by hand}{section.4.6}% 24
\BOOKMARK [2][-]{subsection.4.6.2}{How to avoid doing it all by hand}{section.4.6}% 25
\BOOKMARK [0][-]{chapter.5}{Translating Knots to Crochet, Part 2}{}% 26
\BOOKMARK [1][-]{section*.69}{ \040Math in this part. An explanation of the work behind the patterns in the Chapter 4. }{chapter.5}% 27
\BOOKMARK [1][-]{section.5.1}{Underlying Dimensions: Gauge and Strand Width}{chapter.5}% 28
\BOOKMARK [1][-]{section.5.2}{Restrictions}{chapter.5}% 29
\BOOKMARK [1][-]{section.5.3}{Side Length}{chapter.5}% 30
\BOOKMARK [1][-]{section.5.4}{Component Geometry}{chapter.5}% 31
\BOOKMARK [2][-]{subsection.5.4.1}{Straight}{section.5.4}% 32
\BOOKMARK [2][-]{subsection.5.4.2}{Quarter Turn}{section.5.4}% 33
\BOOKMARK [2][-]{subsection.5.4.3}{Point}{section.5.4}% 34
\BOOKMARK [2][-]{subsection.5.4.4}{Twist}{section.5.4}% 35
\BOOKMARK [1][-]{section.5.5}{Runs}{chapter.5}% 36
\BOOKMARK [2][-]{subsection.5.5.1}{General Anatomy of a Run}{section.5.5}% 37
\BOOKMARK [2][-]{subsection.5.5.2}{Straight Middle Part}{section.5.5}% 38
\BOOKMARK [2][-]{subsection.5.5.3}{D\(irect\)-Type Corner}{section.5.5}% 39
\BOOKMARK [2][-]{subsection.5.5.4}{J-Type Corner}{section.5.5}% 40
\BOOKMARK [2][-]{subsection.5.5.5}{L-Type Corner}{section.5.5}% 41
\BOOKMARK [2][-]{subsection.5.5.6}{C-Type Corner}{section.5.5}% 42
\BOOKMARK [0][-]{chapter.6}{Future Directions}{}% 43
\BOOKMARK [0][-]{chapter.7}{Acknowledgements and Fair Use}{}% 44
\BOOKMARK [0][-]{appendix.A}{Stitch Counts}{}% 45
\BOOKMARK [1][-]{section.A.1}{Stitch counts for Standard Components}{appendix.A}% 46
\BOOKMARK [1][-]{section.A.2}{Stitch counts for Runs}{appendix.A}% 47
\BOOKMARK [0][-]{appendix.B}{Python}{}% 48
\BOOKMARK [1][-]{section*.114}{ \040Python code for generating crochet instructions from a knot. Default values are provided, so understanding the math in Chapter 5 is not necessary to use this code.}{appendix.B}% 49
\BOOKMARK [0][-]{lstnumber.B.2.11}{List of Figures}{}% 50
\BOOKMARK [0][-]{lstnumber.B.2.11}{List of Tables}{}% 51
