This is pdfTeX, Version 3.14159265-2.6-1.40.21 (TeX Live 2020) (preloaded format=pdflatex 2020.4.7)  1 MAY 2021 10:25
entering extended mode
 \write18 enabled.
 file:line:error style messages enabled.
 %&-line parsing enabled.
**AGeneralMethod.tex
(./AGeneralMethod.tex
LaTeX2e <2020-02-02> patch level 5
L3 programming layer <2020-03-06>
(/usr/local/texlive/2020/texmf-dist/tex/latex/base/book.cls
Document Class: book 2019/12/20 v1.4l Standard LaTeX document class
(/usr/local/texlive/2020/texmf-dist/tex/latex/base/bk10.clo
File: bk10.clo 2019/12/20 v1.4l Standard LaTeX file (size option)
)
\c@part=\count167
\c@chapter=\count168
\c@section=\count169
\c@subsection=\count170
\c@subsubsection=\count171
\c@paragraph=\count172
\c@subparagraph=\count173
\c@figure=\count174
\c@table=\count175
\abovecaptionskip=\skip47
\belowcaptionskip=\skip48
\bibindent=\dimen134
)
(/usr/local/texlive/2020/texmf-dist/tex/latex/preprint/fullpage.sty
Package: fullpage 1999/02/23 1.1 (PWD)
\FP@margin=\skip49
)
(/usr/local/texlive/2020/texmf-dist/tex/latex/pgf/frontendlayer/tikz.sty
(/usr/local/texlive/2020/texmf-dist/tex/latex/pgf/basiclayer/pgf.sty
(/usr/local/texlive/2020/texmf-dist/tex/latex/pgf/utilities/pgfrcs.sty
(/usr/local/texlive/2020/texmf-dist/tex/generic/pgf/utilities/pgfutil-common.te
x
\pgfutil@everybye=\toks15
\pgfutil@tempdima=\dimen135
\pgfutil@tempdimb=\dimen136

(/usr/local/texlive/2020/texmf-dist/tex/generic/pgf/utilities/pgfutil-common-li
sts.tex))
(/usr/local/texlive/2020/texmf-dist/tex/generic/pgf/utilities/pgfutil-latex.def
\pgfutil@abb=\box45
(/usr/local/texlive/2020/texmf-dist/tex/latex/ms/everyshi.sty
Package: everyshi 2001/05/15 v3.00 EveryShipout Package (MS)
))
(/usr/local/texlive/2020/texmf-dist/tex/generic/pgf/utilities/pgfrcs.code.tex
(/usr/local/texlive/2020/texmf-dist/tex/generic/pgf/pgf.revision.tex)
Package: pgfrcs 2020/01/08 v3.1.5b (3.1.5b)
))
Package: pgf 2020/01/08 v3.1.5b (3.1.5b)

(/usr/local/texlive/2020/texmf-dist/tex/latex/pgf/basiclayer/pgfcore.sty
(/usr/local/texlive/2020/texmf-dist/tex/latex/graphics/graphicx.sty
Package: graphicx 2019/11/30 v1.2a Enhanced LaTeX Graphics (DPC,SPQR)

(/usr/local/texlive/2020/texmf-dist/tex/latex/graphics/keyval.sty
Package: keyval 2014/10/28 v1.15 key=value parser (DPC)
\KV@toks@=\toks16
)
(/usr/local/texlive/2020/texmf-dist/tex/latex/graphics/graphics.sty
Package: graphics 2019/11/30 v1.4a Standard LaTeX Graphics (DPC,SPQR)

(/usr/local/texlive/2020/texmf-dist/tex/latex/graphics/trig.sty
Package: trig 2016/01/03 v1.10 sin cos tan (DPC)
)
(/usr/local/texlive/2020/texmf-dist/tex/latex/graphics-cfg/graphics.cfg
File: graphics.cfg 2016/06/04 v1.11 sample graphics configuration
)
Package graphics Info: Driver file: pdftex.def on input line 105.

(/usr/local/texlive/2020/texmf-dist/tex/latex/graphics-def/pdftex.def
File: pdftex.def 2018/01/08 v1.0l Graphics/color driver for pdftex
))
\Gin@req@height=\dimen137
\Gin@req@width=\dimen138
)
(/usr/local/texlive/2020/texmf-dist/tex/latex/pgf/systemlayer/pgfsys.sty
(/usr/local/texlive/2020/texmf-dist/tex/generic/pgf/systemlayer/pgfsys.code.tex
Package: pgfsys 2020/01/08 v3.1.5b (3.1.5b)
(/usr/local/texlive/2020/texmf-dist/tex/generic/pgf/utilities/pgfkeys.code.tex
\pgfkeys@pathtoks=\toks17
\pgfkeys@temptoks=\toks18

(/usr/local/texlive/2020/texmf-dist/tex/generic/pgf/utilities/pgfkeysfiltered.c
ode.tex
\pgfkeys@tmptoks=\toks19
))
\pgf@x=\dimen139
\pgf@y=\dimen140
\pgf@xa=\dimen141
\pgf@ya=\dimen142
\pgf@xb=\dimen143
\pgf@yb=\dimen144
\pgf@xc=\dimen145
\pgf@yc=\dimen146
\pgf@xd=\dimen147
\pgf@yd=\dimen148
\w@pgf@writea=\write3
\r@pgf@reada=\read2
\c@pgf@counta=\count176
\c@pgf@countb=\count177
\c@pgf@countc=\count178
\c@pgf@countd=\count179
\t@pgf@toka=\toks20
\t@pgf@tokb=\toks21
\t@pgf@tokc=\toks22
\pgf@sys@id@count=\count180

(/usr/local/texlive/2020/texmf-dist/tex/generic/pgf/systemlayer/pgf.cfg
File: pgf.cfg 2020/01/08 v3.1.5b (3.1.5b)
)
Driver file for pgf: pgfsys-pdftex.def

(/usr/local/texlive/2020/texmf-dist/tex/generic/pgf/systemlayer/pgfsys-pdftex.d
ef
File: pgfsys-pdftex.def 2020/01/08 v3.1.5b (3.1.5b)

(/usr/local/texlive/2020/texmf-dist/tex/generic/pgf/systemlayer/pgfsys-common-p
df.def
File: pgfsys-common-pdf.def 2020/01/08 v3.1.5b (3.1.5b)
)))
(/usr/local/texlive/2020/texmf-dist/tex/generic/pgf/systemlayer/pgfsyssoftpath.
code.tex
File: pgfsyssoftpath.code.tex 2020/01/08 v3.1.5b (3.1.5b)
\pgfsyssoftpath@smallbuffer@items=\count181
\pgfsyssoftpath@bigbuffer@items=\count182
)
(/usr/local/texlive/2020/texmf-dist/tex/generic/pgf/systemlayer/pgfsysprotocol.
code.tex
File: pgfsysprotocol.code.tex 2020/01/08 v3.1.5b (3.1.5b)
)) (/usr/local/texlive/2020/texmf-dist/tex/latex/xcolor/xcolor.sty
Package: xcolor 2016/05/11 v2.12 LaTeX color extensions (UK)

(/usr/local/texlive/2020/texmf-dist/tex/latex/graphics-cfg/color.cfg
File: color.cfg 2016/01/02 v1.6 sample color configuration
)
Package xcolor Info: Driver file: pdftex.def on input line 225.
Package xcolor Info: Model `cmy' substituted by `cmy0' on input line 1348.
Package xcolor Info: Model `hsb' substituted by `rgb' on input line 1352.
Package xcolor Info: Model `RGB' extended on input line 1364.
Package xcolor Info: Model `HTML' substituted by `rgb' on input line 1366.
Package xcolor Info: Model `Hsb' substituted by `hsb' on input line 1367.
Package xcolor Info: Model `tHsb' substituted by `hsb' on input line 1368.
Package xcolor Info: Model `HSB' substituted by `hsb' on input line 1369.
Package xcolor Info: Model `Gray' substituted by `gray' on input line 1370.
Package xcolor Info: Model `wave' substituted by `hsb' on input line 1371.
)
(/usr/local/texlive/2020/texmf-dist/tex/generic/pgf/basiclayer/pgfcore.code.tex
Package: pgfcore 2020/01/08 v3.1.5b (3.1.5b)
(/usr/local/texlive/2020/texmf-dist/tex/generic/pgf/math/pgfmath.code.tex
(/usr/local/texlive/2020/texmf-dist/tex/generic/pgf/math/pgfmathcalc.code.tex
(/usr/local/texlive/2020/texmf-dist/tex/generic/pgf/math/pgfmathutil.code.tex)
(/usr/local/texlive/2020/texmf-dist/tex/generic/pgf/math/pgfmathparser.code.tex
\pgfmath@dimen=\dimen149
\pgfmath@count=\count183
\pgfmath@box=\box46
\pgfmath@toks=\toks23
\pgfmath@stack@operand=\toks24
\pgfmath@stack@operation=\toks25
)
(/usr/local/texlive/2020/texmf-dist/tex/generic/pgf/math/pgfmathfunctions.code.
tex
(/usr/local/texlive/2020/texmf-dist/tex/generic/pgf/math/pgfmathfunctions.basic
.code.tex)
(/usr/local/texlive/2020/texmf-dist/tex/generic/pgf/math/pgfmathfunctions.trigo
nometric.code.tex)
(/usr/local/texlive/2020/texmf-dist/tex/generic/pgf/math/pgfmathfunctions.rando
m.code.tex)
(/usr/local/texlive/2020/texmf-dist/tex/generic/pgf/math/pgfmathfunctions.compa
rison.code.tex)
(/usr/local/texlive/2020/texmf-dist/tex/generic/pgf/math/pgfmathfunctions.base.
code.tex)
(/usr/local/texlive/2020/texmf-dist/tex/generic/pgf/math/pgfmathfunctions.round
.code.tex)
(/usr/local/texlive/2020/texmf-dist/tex/generic/pgf/math/pgfmathfunctions.misc.
code.tex)
(/usr/local/texlive/2020/texmf-dist/tex/generic/pgf/math/pgfmathfunctions.integ
erarithmetics.code.tex)))
(/usr/local/texlive/2020/texmf-dist/tex/generic/pgf/math/pgfmathfloat.code.tex
\c@pgfmathroundto@lastzeros=\count184
)) (/usr/local/texlive/2020/texmf-dist/tex/generic/pgf/math/pgfint.code.tex)
(/usr/local/texlive/2020/texmf-dist/tex/generic/pgf/basiclayer/pgfcorepoints.co
de.tex
File: pgfcorepoints.code.tex 2020/01/08 v3.1.5b (3.1.5b)
\pgf@picminx=\dimen150
\pgf@picmaxx=\dimen151
\pgf@picminy=\dimen152
\pgf@picmaxy=\dimen153
\pgf@pathminx=\dimen154
\pgf@pathmaxx=\dimen155
\pgf@pathminy=\dimen156
\pgf@pathmaxy=\dimen157
\pgf@xx=\dimen158
\pgf@xy=\dimen159
\pgf@yx=\dimen160
\pgf@yy=\dimen161
\pgf@zx=\dimen162
\pgf@zy=\dimen163
)
(/usr/local/texlive/2020/texmf-dist/tex/generic/pgf/basiclayer/pgfcorepathconst
ruct.code.tex
File: pgfcorepathconstruct.code.tex 2020/01/08 v3.1.5b (3.1.5b)
\pgf@path@lastx=\dimen164
\pgf@path@lasty=\dimen165
)
(/usr/local/texlive/2020/texmf-dist/tex/generic/pgf/basiclayer/pgfcorepathusage
.code.tex
File: pgfcorepathusage.code.tex 2020/01/08 v3.1.5b (3.1.5b)
\pgf@shorten@end@additional=\dimen166
\pgf@shorten@start@additional=\dimen167
)
(/usr/local/texlive/2020/texmf-dist/tex/generic/pgf/basiclayer/pgfcorescopes.co
de.tex
File: pgfcorescopes.code.tex 2020/01/08 v3.1.5b (3.1.5b)
\pgfpic=\box47
\pgf@hbox=\box48
\pgf@layerbox@main=\box49
\pgf@picture@serial@count=\count185
)
(/usr/local/texlive/2020/texmf-dist/tex/generic/pgf/basiclayer/pgfcoregraphicst
ate.code.tex
File: pgfcoregraphicstate.code.tex 2020/01/08 v3.1.5b (3.1.5b)
\pgflinewidth=\dimen168
)
(/usr/local/texlive/2020/texmf-dist/tex/generic/pgf/basiclayer/pgfcoretransform
ations.code.tex
File: pgfcoretransformations.code.tex 2020/01/08 v3.1.5b (3.1.5b)
\pgf@pt@x=\dimen169
\pgf@pt@y=\dimen170
\pgf@pt@temp=\dimen171
)
(/usr/local/texlive/2020/texmf-dist/tex/generic/pgf/basiclayer/pgfcorequick.cod
e.tex
File: pgfcorequick.code.tex 2020/01/08 v3.1.5b (3.1.5b)
)
(/usr/local/texlive/2020/texmf-dist/tex/generic/pgf/basiclayer/pgfcoreobjects.c
ode.tex
File: pgfcoreobjects.code.tex 2020/01/08 v3.1.5b (3.1.5b)
)
(/usr/local/texlive/2020/texmf-dist/tex/generic/pgf/basiclayer/pgfcorepathproce
ssing.code.tex
File: pgfcorepathprocessing.code.tex 2020/01/08 v3.1.5b (3.1.5b)
)
(/usr/local/texlive/2020/texmf-dist/tex/generic/pgf/basiclayer/pgfcorearrows.co
de.tex
File: pgfcorearrows.code.tex 2020/01/08 v3.1.5b (3.1.5b)
\pgfarrowsep=\dimen172
)
(/usr/local/texlive/2020/texmf-dist/tex/generic/pgf/basiclayer/pgfcoreshade.cod
e.tex
File: pgfcoreshade.code.tex 2020/01/08 v3.1.5b (3.1.5b)
\pgf@max=\dimen173
\pgf@sys@shading@range@num=\count186
\pgf@shadingcount=\count187
)
(/usr/local/texlive/2020/texmf-dist/tex/generic/pgf/basiclayer/pgfcoreimage.cod
e.tex
File: pgfcoreimage.code.tex 2020/01/08 v3.1.5b (3.1.5b)

(/usr/local/texlive/2020/texmf-dist/tex/generic/pgf/basiclayer/pgfcoreexternal.
code.tex
File: pgfcoreexternal.code.tex 2020/01/08 v3.1.5b (3.1.5b)
\pgfexternal@startupbox=\box50
))
(/usr/local/texlive/2020/texmf-dist/tex/generic/pgf/basiclayer/pgfcorelayers.co
de.tex
File: pgfcorelayers.code.tex 2020/01/08 v3.1.5b (3.1.5b)
)
(/usr/local/texlive/2020/texmf-dist/tex/generic/pgf/basiclayer/pgfcoretranspare
ncy.code.tex
File: pgfcoretransparency.code.tex 2020/01/08 v3.1.5b (3.1.5b)
)
(/usr/local/texlive/2020/texmf-dist/tex/generic/pgf/basiclayer/pgfcorepatterns.
code.tex
File: pgfcorepatterns.code.tex 2020/01/08 v3.1.5b (3.1.5b)
)
(/usr/local/texlive/2020/texmf-dist/tex/generic/pgf/basiclayer/pgfcorerdf.code.
tex
File: pgfcorerdf.code.tex 2020/01/08 v3.1.5b (3.1.5b)
)))
(/usr/local/texlive/2020/texmf-dist/tex/generic/pgf/modules/pgfmoduleshapes.cod
e.tex
File: pgfmoduleshapes.code.tex 2020/01/08 v3.1.5b (3.1.5b)
\pgfnodeparttextbox=\box51
)
(/usr/local/texlive/2020/texmf-dist/tex/generic/pgf/modules/pgfmoduleplot.code.
tex
File: pgfmoduleplot.code.tex 2020/01/08 v3.1.5b (3.1.5b)
)
(/usr/local/texlive/2020/texmf-dist/tex/latex/pgf/compatibility/pgfcomp-version
-0-65.sty
Package: pgfcomp-version-0-65 2020/01/08 v3.1.5b (3.1.5b)
\pgf@nodesepstart=\dimen174
\pgf@nodesepend=\dimen175
)
(/usr/local/texlive/2020/texmf-dist/tex/latex/pgf/compatibility/pgfcomp-version
-1-18.sty
Package: pgfcomp-version-1-18 2020/01/08 v3.1.5b (3.1.5b)
))
(/usr/local/texlive/2020/texmf-dist/tex/latex/pgf/utilities/pgffor.sty
(/usr/local/texlive/2020/texmf-dist/tex/latex/pgf/utilities/pgfkeys.sty
(/usr/local/texlive/2020/texmf-dist/tex/generic/pgf/utilities/pgfkeys.code.tex)
) (/usr/local/texlive/2020/texmf-dist/tex/latex/pgf/math/pgfmath.sty
(/usr/local/texlive/2020/texmf-dist/tex/generic/pgf/math/pgfmath.code.tex))
(/usr/local/texlive/2020/texmf-dist/tex/generic/pgf/utilities/pgffor.code.tex
Package: pgffor 2020/01/08 v3.1.5b (3.1.5b)

(/usr/local/texlive/2020/texmf-dist/tex/generic/pgf/math/pgfmath.code.tex)
\pgffor@iter=\dimen176
\pgffor@skip=\dimen177
\pgffor@stack=\toks26
\pgffor@toks=\toks27
))
(/usr/local/texlive/2020/texmf-dist/tex/generic/pgf/frontendlayer/tikz/tikz.cod
e.tex
Package: tikz 2020/01/08 v3.1.5b (3.1.5b)

(/usr/local/texlive/2020/texmf-dist/tex/generic/pgf/libraries/pgflibraryplothan
dlers.code.tex
File: pgflibraryplothandlers.code.tex 2020/01/08 v3.1.5b (3.1.5b)
\pgf@plot@mark@count=\count188
\pgfplotmarksize=\dimen178
)
\tikz@lastx=\dimen179
\tikz@lasty=\dimen180
\tikz@lastxsaved=\dimen181
\tikz@lastysaved=\dimen182
\tikz@lastmovetox=\dimen183
\tikz@lastmovetoy=\dimen184
\tikzleveldistance=\dimen185
\tikzsiblingdistance=\dimen186
\tikz@figbox=\box52
\tikz@figbox@bg=\box53
\tikz@tempbox=\box54
\tikz@tempbox@bg=\box55
\tikztreelevel=\count189
\tikznumberofchildren=\count190
\tikznumberofcurrentchild=\count191
\tikz@fig@count=\count192

(/usr/local/texlive/2020/texmf-dist/tex/generic/pgf/modules/pgfmodulematrix.cod
e.tex
File: pgfmodulematrix.code.tex 2020/01/08 v3.1.5b (3.1.5b)
\pgfmatrixcurrentrow=\count193
\pgfmatrixcurrentcolumn=\count194
\pgf@matrix@numberofcolumns=\count195
)
\tikz@expandcount=\count196

(/usr/local/texlive/2020/texmf-dist/tex/generic/pgf/frontendlayer/tikz/librarie
s/tikzlibrarytopaths.code.tex
File: tikzlibrarytopaths.code.tex 2020/01/08 v3.1.5b (3.1.5b)
)))
(/usr/local/texlive/2020/texmf-dist/tex/latex/calculator/calculator.sty
Package: calculator 2014/02/20 v.2.0
\cctr@lengtha=\dimen187
\cctr@lengthb=\dimen188
\cctr@epsilon=\dimen189
)
(/usr/local/texlive/2020/texmf-dist/tex/latex/amsmath/amsmath.sty
Package: amsmath 2020/01/20 v2.17e AMS math features
\@mathmargin=\skip50

For additional information on amsmath, use the `?' option.
(/usr/local/texlive/2020/texmf-dist/tex/latex/amsmath/amstext.sty
Package: amstext 2000/06/29 v2.01 AMS text

(/usr/local/texlive/2020/texmf-dist/tex/latex/amsmath/amsgen.sty
File: amsgen.sty 1999/11/30 v2.0 generic functions
\@emptytoks=\toks28
\ex@=\dimen190
))
(/usr/local/texlive/2020/texmf-dist/tex/latex/amsmath/amsbsy.sty
Package: amsbsy 1999/11/29 v1.2d Bold Symbols
\pmbraise@=\dimen191
)
(/usr/local/texlive/2020/texmf-dist/tex/latex/amsmath/amsopn.sty
Package: amsopn 2016/03/08 v2.02 operator names
)
\inf@bad=\count197
LaTeX Info: Redefining \frac on input line 227.
\uproot@=\count198
\leftroot@=\count199
LaTeX Info: Redefining \overline on input line 389.
\classnum@=\count266
\DOTSCASE@=\count267
LaTeX Info: Redefining \ldots on input line 486.
LaTeX Info: Redefining \dots on input line 489.
LaTeX Info: Redefining \cdots on input line 610.
\Mathstrutbox@=\box56
\strutbox@=\box57
\big@size=\dimen192
LaTeX Font Info:    Redeclaring font encoding OML on input line 733.
LaTeX Font Info:    Redeclaring font encoding OMS on input line 734.
\macc@depth=\count268
\c@MaxMatrixCols=\count269
\dotsspace@=\muskip16
\c@parentequation=\count270
\dspbrk@lvl=\count271
\tag@help=\toks29
\row@=\count272
\column@=\count273
\maxfields@=\count274
\andhelp@=\toks30
\eqnshift@=\dimen193
\alignsep@=\dimen194
\tagshift@=\dimen195
\tagwidth@=\dimen196
\totwidth@=\dimen197
\lineht@=\dimen198
\@envbody=\toks31
\multlinegap=\skip51
\multlinetaggap=\skip52
\mathdisplay@stack=\toks32
LaTeX Info: Redefining \[ on input line 2859.
LaTeX Info: Redefining \] on input line 2860.
)
(/usr/local/texlive/2020/texmf-dist/tex/latex/tocloft/tocloft.sty
Package: tocloft 2017/08/31 v2.3i parameterised ToC, etc., typesetting
Package tocloft Info: The document has chapter divisions on input line 51.
\cftparskip=\skip53
\cftbeforetoctitleskip=\skip54
\cftaftertoctitleskip=\skip55
\cftbeforepartskip=\skip56
\cftpartnumwidth=\skip57
\cftpartindent=\skip58
\cftbeforechapskip=\skip59
\cftchapindent=\skip60
\cftchapnumwidth=\skip61
\cftbeforesecskip=\skip62
\cftsecindent=\skip63
\cftsecnumwidth=\skip64
\cftbeforesubsecskip=\skip65
\cftsubsecindent=\skip66
\cftsubsecnumwidth=\skip67
\cftbeforesubsubsecskip=\skip68
\cftsubsubsecindent=\skip69
\cftsubsubsecnumwidth=\skip70
\cftbeforeparaskip=\skip71
\cftparaindent=\skip72
\cftparanumwidth=\skip73
\cftbeforesubparaskip=\skip74
\cftsubparaindent=\skip75
\cftsubparanumwidth=\skip76
\cftbeforeloftitleskip=\skip77
\cftafterloftitleskip=\skip78
\cftbeforefigskip=\skip79
\cftfigindent=\skip80
\cftfignumwidth=\skip81
\c@lofdepth=\count275
\c@lotdepth=\count276
\cftbeforelottitleskip=\skip82
\cftafterlottitleskip=\skip83
\cftbeforetabskip=\skip84
\cfttabindent=\skip85
\cfttabnumwidth=\skip86
)
(/usr/local/texlive/2020/texmf-dist/tex/latex/float/float.sty
Package: float 2001/11/08 v1.3d Float enhancements (AL)
\c@float@type=\count277
\float@exts=\toks33
\float@box=\box58
\@float@everytoks=\toks34
\@floatcapt=\box59
)
(/usr/local/texlive/2020/texmf-dist/tex/latex/caption/caption.sty
Package: caption 2020/01/03 v3.4h Customizing captions (AR)

(/usr/local/texlive/2020/texmf-dist/tex/latex/caption/caption3.sty
Package: caption3 2020/01/03 v1.8h caption3 kernel (AR)
Package caption3 Info: TeX engine: e-TeX on input line 61.
\captionmargin=\dimen199
\captionmargin@=\dimen256
\captionwidth=\dimen257
\caption@tempdima=\dimen258
\caption@indent=\dimen259
\caption@parindent=\dimen260
\caption@hangindent=\dimen261
Package caption Info: Standard document class detected.
)
\c@caption@flags=\count278
\c@continuedfloat=\count279
Package caption Info: float package is loaded.
)
(/usr/local/texlive/2020/texmf-dist/tex/latex/caption/subcaption.sty
Package: subcaption 2020/01/22 v1.3d Sub-captions (AR)
\c@subfigure=\count280
\c@subtable=\count281
)
(/usr/local/texlive/2020/texmf-dist/tex/latex/colortbl/colortbl.sty
Package: colortbl 2020/01/04 v1.0e Color table columns (DPC)

(/usr/local/texlive/2020/texmf-dist/tex/latex/tools/array.sty
Package: array 2019/08/31 v2.4l Tabular extension package (FMi)
\col@sep=\dimen262
\ar@mcellbox=\box60
\extrarowheight=\dimen263
\NC@list=\toks35
\extratabsurround=\skip87
\backup@length=\skip88
\ar@cellbox=\box61
)
\everycr=\toks36
\minrowclearance=\skip89
)
(/usr/local/texlive/2020/texmf-dist/tex/latex/tools/multicol.sty
Package: multicol 2019/12/09 v1.8y multicolumn formatting (FMi)
\c@tracingmulticols=\count282
\mult@box=\box62
\multicol@leftmargin=\dimen264
\c@unbalance=\count283
\c@collectmore=\count284
\doublecol@number=\count285
\multicoltolerance=\count286
\multicolpretolerance=\count287
\full@width=\dimen265
\page@free=\dimen266
\premulticols=\dimen267
\postmulticols=\dimen268
\multicolsep=\skip90
\multicolbaselineskip=\skip91
\partial@page=\box63
\last@line=\box64
\maxbalancingoverflow=\dimen269
\mult@rightbox=\box65
\mult@grightbox=\box66
\mult@gfirstbox=\box67
\mult@firstbox=\box68
\@tempa=\box69
\@tempa=\box70
\@tempa=\box71
\@tempa=\box72
\@tempa=\box73
\@tempa=\box74
\@tempa=\box75
\@tempa=\box76
\@tempa=\box77
\@tempa=\box78
\@tempa=\box79
\@tempa=\box80
\@tempa=\box81
\@tempa=\box82
\@tempa=\box83
\@tempa=\box84
\@tempa=\box85
\@tempa=\box86
\@tempa=\box87
\@tempa=\box88
\@tempa=\box89
\@tempa=\box90
\@tempa=\box91
\@tempa=\box92
\@tempa=\box93
\@tempa=\box94
\@tempa=\box95
\@tempa=\box96
\@tempa=\box97
\@tempa=\box98
\@tempa=\box99
\@tempa=\box100
\@tempa=\box101
\@tempa=\box102
\@tempa=\box103
\@tempa=\box104
\@tempa=\box105
\c@minrows=\count288
\c@columnbadness=\count289
\c@finalcolumnbadness=\count290
\last@try=\dimen270
\multicolovershoot=\dimen271
\multicolundershoot=\dimen272
\mult@nat@firstbox=\box106
\colbreak@box=\box107
\mc@col@check@num=\count291
)
(/usr/local/texlive/2020/texmf-dist/tex/generic/pgf/libraries/pgflibrarypattern
s.code.tex
File: pgflibrarypatterns.code.tex 2020/01/08 v3.1.5b (3.1.5b)
)
(/usr/local/texlive/2020/texmf-dist/tex/generic/pgf/frontendlayer/tikz/librarie
s/tikzlibraryshapes.geometric.code.tex
File: tikzlibraryshapes.geometric.code.tex 2020/01/08 v3.1.5b (3.1.5b)

(/usr/local/texlive/2020/texmf-dist/tex/generic/pgf/libraries/shapes/pgflibrary
shapes.geometric.code.tex
File: pgflibraryshapes.geometric.code.tex 2020/01/08 v3.1.5b (3.1.5b)
))
(/usr/local/texlive/2020/texmf-dist/tex/generic/pgf/frontendlayer/tikz/librarie
s/tikzlibraryarrows.code.tex
File: tikzlibraryarrows.code.tex 2020/01/08 v3.1.5b (3.1.5b)

(/usr/local/texlive/2020/texmf-dist/tex/generic/pgf/libraries/pgflibraryarrows.
code.tex
File: pgflibraryarrows.code.tex 2020/01/08 v3.1.5b (3.1.5b)
\arrowsize=\dimen273
))
(/usr/local/texlive/2020/texmf-dist/tex/generic/pgf/frontendlayer/tikz/librarie
s/tikzlibrarydecorations.pathreplacing.code.tex
(/usr/local/texlive/2020/texmf-dist/tex/generic/pgf/frontendlayer/tikz/librarie
s/tikzlibrarydecorations.code.tex
(/usr/local/texlive/2020/texmf-dist/tex/generic/pgf/modules/pgfmoduledecoration
s.code.tex
\pgfdecoratedcompleteddistance=\dimen274
\pgfdecoratedremainingdistance=\dimen275
\pgfdecoratedinputsegmentcompleteddistance=\dimen276
\pgfdecoratedinputsegmentremainingdistance=\dimen277
\pgf@decorate@distancetomove=\dimen278
\pgf@decorate@repeatstate=\count292
\pgfdecorationsegmentamplitude=\dimen279
\pgfdecorationsegmentlength=\dimen280
)
\tikz@lib@dec@box=\box108
)
(/usr/local/texlive/2020/texmf-dist/tex/generic/pgf/libraries/decorations/pgfli
brarydecorations.pathreplacing.code.tex))
(/usr/local/texlive/2020/texmf-dist/tex/latex/listings/listings.sty
\lst@mode=\count293
\lst@gtempboxa=\box109
\lst@token=\toks37
\lst@length=\count294
\lst@currlwidth=\dimen281
\lst@column=\count295
\lst@pos=\count296
\lst@lostspace=\dimen282
\lst@width=\dimen283
\lst@newlines=\count297
\lst@lineno=\count298
\lst@maxwidth=\dimen284

(/usr/local/texlive/2020/texmf-dist/tex/latex/listings/lstmisc.sty
File: lstmisc.sty 2020/03/24 1.8d (Carsten Heinz)
\c@lstnumber=\count299
\lst@skipnumbers=\count300
\lst@framebox=\box110
)
(/usr/local/texlive/2020/texmf-dist/tex/latex/listings/listings.cfg
File: listings.cfg 2020/03/24 1.8d listings configuration
))
Package: listings 2020/03/24 1.8d (Carsten Heinz)

(/usr/local/texlive/2020/texmf-dist/tex/latex/hyperref/hyperref.sty
Package: hyperref 2020/01/14 v7.00d Hypertext links for LaTeX

(/usr/local/texlive/2020/texmf-dist/tex/generic/ltxcmds/ltxcmds.sty
Package: ltxcmds 2019/12/15 v1.24 LaTeX kernel commands for general use (HO)
)
(/usr/local/texlive/2020/texmf-dist/tex/generic/iftex/iftex.sty
Package: iftex 2020/03/06 v1.0d TeX engine tests
)
(/usr/local/texlive/2020/texmf-dist/tex/latex/pdftexcmds/pdftexcmds.sty
Package: pdftexcmds 2019/11/24 v0.31 Utility functions of pdfTeX for LuaTeX (HO
)

(/usr/local/texlive/2020/texmf-dist/tex/generic/infwarerr/infwarerr.sty
Package: infwarerr 2019/12/03 v1.5 Providing info/warning/error messages (HO)
)
Package pdftexcmds Info: \pdf@primitive is available.
Package pdftexcmds Info: \pdf@ifprimitive is available.
Package pdftexcmds Info: \pdfdraftmode found.
)
(/usr/local/texlive/2020/texmf-dist/tex/generic/kvsetkeys/kvsetkeys.sty
Package: kvsetkeys 2019/12/15 v1.18 Key value parser (HO)
)
(/usr/local/texlive/2020/texmf-dist/tex/generic/kvdefinekeys/kvdefinekeys.sty
Package: kvdefinekeys 2019-12-19 v1.6 Define keys (HO)
)
(/usr/local/texlive/2020/texmf-dist/tex/generic/pdfescape/pdfescape.sty
Package: pdfescape 2019/12/09 v1.15 Implements pdfTeX's escape features (HO)
)
(/usr/local/texlive/2020/texmf-dist/tex/latex/hycolor/hycolor.sty
Package: hycolor 2020-01-27 v1.10 Color options for hyperref/bookmark (HO)
)
(/usr/local/texlive/2020/texmf-dist/tex/latex/letltxmacro/letltxmacro.sty
Package: letltxmacro 2019/12/03 v1.6 Let assignment for LaTeX macros (HO)
)
(/usr/local/texlive/2020/texmf-dist/tex/latex/auxhook/auxhook.sty
Package: auxhook 2019-12-17 v1.6 Hooks for auxiliary files (HO)
)
(/usr/local/texlive/2020/texmf-dist/tex/latex/kvoptions/kvoptions.sty
Package: kvoptions 2019/11/29 v3.13 Key value format for package options (HO)
)
\@linkdim=\dimen285
\Hy@linkcounter=\count301
\Hy@pagecounter=\count302

(/usr/local/texlive/2020/texmf-dist/tex/latex/hyperref/pd1enc.def
File: pd1enc.def 2020/01/14 v7.00d Hyperref: PDFDocEncoding definition (HO)
Now handling font encoding PD1 ...
... no UTF-8 mapping file for font encoding PD1
)
(/usr/local/texlive/2020/texmf-dist/tex/generic/intcalc/intcalc.sty
Package: intcalc 2019/12/15 v1.3 Expandable calculations with integers (HO)
)
(/usr/local/texlive/2020/texmf-dist/tex/generic/etexcmds/etexcmds.sty
Package: etexcmds 2019/12/15 v1.7 Avoid name clashes with e-TeX commands (HO)
)
\Hy@SavedSpaceFactor=\count303
Package hyperref Info: Option `colorlinks' set `true' on input line 4421.
Package hyperref Info: Hyper figures OFF on input line 4547.
Package hyperref Info: Link nesting OFF on input line 4552.
Package hyperref Info: Hyper index ON on input line 4555.
Package hyperref Info: Plain pages OFF on input line 4562.
Package hyperref Info: Backreferencing OFF on input line 4567.
Package hyperref Info: Implicit mode ON; LaTeX internals redefined.
Package hyperref Info: Bookmarks ON on input line 4800.
\c@Hy@tempcnt=\count304

(/usr/local/texlive/2020/texmf-dist/tex/latex/url/url.sty
\Urlmuskip=\muskip17
Package: url 2013/09/16  ver 3.4  Verb mode for urls, etc.
)
LaTeX Info: Redefining \url on input line 5159.
\XeTeXLinkMargin=\dimen286

(/usr/local/texlive/2020/texmf-dist/tex/generic/bitset/bitset.sty
Package: bitset 2019/12/09 v1.3 Handle bit-vector datatype (HO)

(/usr/local/texlive/2020/texmf-dist/tex/generic/bigintcalc/bigintcalc.sty
Package: bigintcalc 2019/12/15 v1.5 Expandable calculations on big integers (HO
)
))
\Fld@menulength=\count305
\Field@Width=\dimen287
\Fld@charsize=\dimen288
Package hyperref Info: Hyper figures OFF on input line 6430.
Package hyperref Info: Link nesting OFF on input line 6435.
Package hyperref Info: Hyper index ON on input line 6438.
Package hyperref Info: backreferencing OFF on input line 6445.
Package hyperref Info: Link coloring ON on input line 6448.
Package hyperref Info: Link coloring with OCG OFF on input line 6455.
Package hyperref Info: PDF/A mode OFF on input line 6460.
LaTeX Info: Redefining \ref on input line 6500.
LaTeX Info: Redefining \pageref on input line 6504.

(/usr/local/texlive/2020/texmf-dist/tex/generic/atbegshi/atbegshi.sty
Package: atbegshi 2019/12/05 v1.19 At begin shipout hook (HO)
)
\Hy@abspage=\count306
\c@Item=\count307
\c@Hfootnote=\count308
)
Package hyperref Info: Driver (autodetected): hpdftex.

(/usr/local/texlive/2020/texmf-dist/tex/latex/hyperref/hpdftex.def
File: hpdftex.def 2020/01/14 v7.00d Hyperref driver for pdfTeX

(/usr/local/texlive/2020/texmf-dist/tex/latex/atveryend/atveryend.sty
Package: atveryend 2019-12-11 v1.11 Hooks at the very end of document (HO)
Package atveryend Info: \enddocument detected (standard20110627).
)
\Fld@listcount=\count309
\c@bookmark@seq@number=\count310

(/usr/local/texlive/2020/texmf-dist/tex/latex/rerunfilecheck/rerunfilecheck.sty
Package: rerunfilecheck 2019/12/05 v1.9 Rerun checks for auxiliary files (HO)

(/usr/local/texlive/2020/texmf-dist/tex/generic/uniquecounter/uniquecounter.sty
Package: uniquecounter 2019/12/15 v1.4 Provide unlimited unique counter (HO)
)
Package uniquecounter Info: New unique counter `rerunfilecheck' on input line 2
86.
)
\Hy@SectionHShift=\skip92
)
(/usr/local/texlive/2020/texmf-dist/tex/latex/l3backend/l3backend-pdfmode.def
File: l3backend-pdfmode.def 2020-03-12 L3 backend support: PDF mode
\l__kernel_color_stack_int=\count311
\l__pdf_internal_box=\box111
)
(./AGeneralMethod.aux

LaTeX Warning: Label `fig:P' multiply defined.


LaTeX Warning: Label `lst:code_direct' multiply defined.

)
\openout1 = `AGeneralMethod.aux'.

LaTeX Font Info:    Checking defaults for OML/cmm/m/it on input line 111.
LaTeX Font Info:    ... okay on input line 111.
LaTeX Font Info:    Checking defaults for OMS/cmsy/m/n on input line 111.
LaTeX Font Info:    ... okay on input line 111.
LaTeX Font Info:    Checking defaults for OT1/cmr/m/n on input line 111.
LaTeX Font Info:    ... okay on input line 111.
LaTeX Font Info:    Checking defaults for T1/cmr/m/n on input line 111.
LaTeX Font Info:    ... okay on input line 111.
LaTeX Font Info:    Checking defaults for TS1/cmr/m/n on input line 111.
LaTeX Font Info:    ... okay on input line 111.
LaTeX Font Info:    Checking defaults for OMX/cmex/m/n on input line 111.
LaTeX Font Info:    ... okay on input line 111.
LaTeX Font Info:    Checking defaults for U/cmr/m/n on input line 111.
LaTeX Font Info:    ... okay on input line 111.
LaTeX Font Info:    Checking defaults for PD1/pdf/m/n on input line 111.
LaTeX Font Info:    ... okay on input line 111.
 ABD: EveryShipout initializing macros
(/usr/local/texlive/2020/texmf-dist/tex/context/base/mkii/supp-pdf.mkii
[Loading MPS to PDF converter (version 2006.09.02).]
\scratchcounter=\count312
\scratchdimen=\dimen289
\scratchbox=\box112
\nofMPsegments=\count313
\nofMParguments=\count314
\everyMPshowfont=\toks38
\MPscratchCnt=\count315
\MPscratchDim=\dimen290
\MPnumerator=\count316
\makeMPintoPDFobject=\count317
\everyMPtoPDFconversion=\toks39
) (/usr/local/texlive/2020/texmf-dist/tex/latex/epstopdf-pkg/epstopdf-base.sty
Package: epstopdf-base 2020-01-24 v2.11 Base part for package epstopdf
Package epstopdf-base Info: Redefining graphics rule for `.eps' on input line 4
85.

(/usr/local/texlive/2020/texmf-dist/tex/latex/latexconfig/epstopdf-sys.cfg
File: epstopdf-sys.cfg 2010/07/13 v1.3 Configuration of (r)epstopdf for TeX Liv
e
))
Package caption Info: Begin \AtBeginDocument code.
Package caption Info: hyperref package is loaded.
Package caption Info: listings package is loaded.
Package caption Info: End \AtBeginDocument code.
\c@lstlisting=\count318
\AtBeginShipoutBox=\box113
Package hyperref Info: Link coloring ON on input line 111.

(/usr/local/texlive/2020/texmf-dist/tex/latex/hyperref/nameref.sty
Package: nameref 2019/09/16 v2.46 Cross-referencing by name of section

(/usr/local/texlive/2020/texmf-dist/tex/latex/refcount/refcount.sty
Package: refcount 2019/12/15 v3.6 Data extraction from label references (HO)
)
(/usr/local/texlive/2020/texmf-dist/tex/generic/gettitlestring/gettitlestring.s
ty
Package: gettitlestring 2019/12/15 v1.6 Cleanup title references (HO)
)
\c@section@level=\count319
)
LaTeX Info: Redefining \ref on input line 111.
LaTeX Info: Redefining \pageref on input line 111.
LaTeX Info: Redefining \nameref on input line 111.
 (./AGeneralMethod.out) (./AGeneralMethod.out)
\@outlinefile=\write4
\openout4 = `AGeneralMethod.out'.

 [1


{/usr/local/texlive/2020/texmf-var/fonts/map/pdftex/updmap/pdftex.map}]
<pic/rectangle.jpg, id=218, 175.65625pt x 583.17876pt>
File: pic/rectangle.jpg Graphic file (type jpg)
<use pic/rectangle.jpg>
Package pdftex.def Info: pic/rectangle.jpg  used on input line 141.
(pdftex.def)             Requested size: 52.63777pt x 174.7592pt.
<rectangle.png, id=219, 268.75406pt x 90.3375pt>
File: rectangle.png Graphic file (type png)
<use rectangle.png>
Package pdftex.def Info: rectangle.png  used on input line 141.
(pdftex.def)             Requested size: 170.71652pt x 57.38434pt.
File: rectangle.png Graphic file (type png)
<use rectangle.png>
Package pdftex.def Info: rectangle.png  used on input line 141.
(pdftex.def)             Requested size: 170.71652pt x 57.38434pt.
File: rectangle.png Graphic file (type png)
<use rectangle.png>
Package pdftex.def Info: rectangle.png  used on input line 141.
(pdftex.def)             Requested size: 170.71652pt x 57.38434pt.
File: rectangle.png Graphic file (type png)
<use rectangle.png>
Package pdftex.def Info: rectangle.png  used on input line 141.
(pdftex.def)             Requested size: 170.71652pt x 57.38434pt.
File: rectangle.png Graphic file (type png)
<use rectangle.png>
Package pdftex.def Info: rectangle.png  used on input line 141.
(pdftex.def)             Requested size: 170.71652pt x 57.38434pt.
File: rectangle.png Graphic file (type png)
<use rectangle.png>
Package pdftex.def Info: rectangle.png  used on input line 141.
(pdftex.def)             Requested size: 170.71652pt x 57.38434pt.
File: rectangle.png Graphic file (type png)
<use rectangle.png>
Package pdftex.def Info: rectangle.png  used on input line 141.
(pdftex.def)             Requested size: 170.71652pt x 57.38434pt.
File: rectangle.png Graphic file (type png)
<use rectangle.png>
Package pdftex.def Info: rectangle.png  used on input line 141.
(pdftex.def)             Requested size: 170.71652pt x 57.38434pt.
File: rectangle.png Graphic file (type png)
<use rectangle.png>
Package pdftex.def Info: rectangle.png  used on input line 141.
(pdftex.def)             Requested size: 170.71652pt x 57.38434pt.
File: rectangle.png Graphic file (type png)
<use rectangle.png>
Package pdftex.def Info: rectangle.png  used on input line 141.
(pdftex.def)             Requested size: 170.71652pt x 57.38434pt.
<pic/rectangle2.jpg, id=220, 166.6225pt x 528.97626pt>
File: pic/rectangle2.jpg Graphic file (type jpg)
<use pic/rectangle2.jpg>
Package pdftex.def Info: pic/rectangle2.jpg  used on input line 141.
(pdftex.def)             Requested size: 56.9055pt x 180.6567pt.
File: rectangle.png Graphic file (type png)
<use rectangle.png>
Package pdftex.def Info: rectangle.png  used on input line 141.
(pdftex.def)             Requested size: 170.71652pt x 57.38434pt.
File: rectangle.png Graphic file (type png)
<use rectangle.png>
Package pdftex.def Info: rectangle.png  used on input line 141.
(pdftex.def)             Requested size: 170.71652pt x 57.38434pt.
File: rectangle.png Graphic file (type png)
<use rectangle.png>
Package pdftex.def Info: rectangle.png  used on input line 141.
(pdftex.def)             Requested size: 170.71652pt x 57.38434pt.
File: rectangle.png Graphic file (type png)
<use rectangle.png>
Package pdftex.def Info: rectangle.png  used on input line 141.
(pdftex.def)             Requested size: 170.71652pt x 57.38434pt.
File: rectangle.png Graphic file (type png)
<use rectangle.png>
Package pdftex.def Info: rectangle.png  used on input line 141.
(pdftex.def)             Requested size: 170.71652pt x 57.38434pt.
File: rectangle.png Graphic file (type png)
<use rectangle.png>
Package pdftex.def Info: rectangle.png  used on input line 141.
(pdftex.def)             Requested size: 170.71652pt x 57.38434pt.
File: rectangle.png Graphic file (type png)
<use rectangle.png>
Package pdftex.def Info: rectangle.png  used on input line 141.
(pdftex.def)             Requested size: 170.71652pt x 57.38434pt.
File: rectangle.png Graphic file (type png)
<use rectangle.png>
Package pdftex.def Info: rectangle.png  used on input line 141.
(pdftex.def)             Requested size: 170.71652pt x 57.38434pt.
File: rectangle.png Graphic file (type png)
<use rectangle.png>
Package pdftex.def Info: rectangle.png  used on input line 141.
(pdftex.def)             Requested size: 170.71652pt x 57.38434pt.
File: rectangle.png Graphic file (type png)
<use rectangle.png>
Package pdftex.def Info: rectangle.png  used on input line 141.
(pdftex.def)             Requested size: 170.71652pt x 57.38434pt.

Overfull \vbox (57.16077pt too high) has occurred while \output is active []


[2 <./pic/rectangle.jpg> <./rectangle.png> <./pic/rectangle2.jpg>]
(./AGeneralMethod.toc [3])
\tf@toc=\write5
\openout5 = `AGeneralMethod.toc'.

<border2.png, id=284, 722.7pt x 180.675pt>
File: border2.png Graphic file (type png)
<use border2.png>
Package pdftex.def Info: border2.png  used on input line 162.
(pdftex.def)             Requested size: 227.62204pt x 56.90465pt.
<pic/border.jpg, id=286, 262.9825pt x 514.92375pt>
File: pic/border.jpg Graphic file (type jpg)
<use pic/border.jpg>
Package pdftex.def Info: pic/border.jpg  used on input line 162.
(pdftex.def)             Requested size: 56.9055pt x 111.42143pt.
File: pic/border.jpg Graphic file (type jpg)
<use pic/border.jpg>
Package pdftex.def Info: pic/border.jpg  used on input line 162.
(pdftex.def)             Requested size: 56.9055pt x 111.42143pt.
File: pic/border.jpg Graphic file (type jpg)
<use pic/border.jpg>
Package pdftex.def Info: pic/border.jpg  used on input line 162.
(pdftex.def)             Requested size: 56.9055pt x 111.42143pt.
File: pic/border.jpg Graphic file (type jpg)
<use pic/border.jpg>
Package pdftex.def Info: pic/border.jpg  used on input line 162.
(pdftex.def)             Requested size: 56.9055pt x 111.42143pt.
File: pic/border.jpg Graphic file (type jpg)
<use pic/border.jpg>
Package pdftex.def Info: pic/border.jpg  used on input line 162.
(pdftex.def)             Requested size: 56.9055pt x 111.42143pt.
File: pic/border.jpg Graphic file (type jpg)
<use pic/border.jpg>
Package pdftex.def Info: pic/border.jpg  used on input line 162.
(pdftex.def)             Requested size: 56.9055pt x 111.42143pt.
File: pic/border.jpg Graphic file (type jpg)
<use pic/border.jpg>
Package pdftex.def Info: pic/border.jpg  used on input line 162.
(pdftex.def)             Requested size: 56.9055pt x 111.42143pt.
File: pic/border.jpg Graphic file (type jpg)
<use pic/border.jpg>
Package pdftex.def Info: pic/border.jpg  used on input line 162.
(pdftex.def)             Requested size: 56.9055pt x 111.42143pt.
File: pic/border.jpg Graphic file (type jpg)
<use pic/border.jpg>
Package pdftex.def Info: pic/border.jpg  used on input line 162.
(pdftex.def)             Requested size: 56.9055pt x 111.42143pt.
File: pic/border.jpg Graphic file (type jpg)
<use pic/border.jpg>
Package pdftex.def Info: pic/border.jpg  used on input line 162.
(pdftex.def)             Requested size: 56.9055pt x 111.42143pt.
File: pic/border.jpg Graphic file (type jpg)
<use pic/border.jpg>
Package pdftex.def Info: pic/border.jpg  used on input line 162.
(pdftex.def)             Requested size: 56.9055pt x 111.42143pt.
File: pic/border.jpg Graphic file (type jpg)
<use pic/border.jpg>
Package pdftex.def Info: pic/border.jpg  used on input line 162.
(pdftex.def)             Requested size: 56.9055pt x 111.42143pt.
File: pic/border.jpg Graphic file (type jpg)
<use pic/border.jpg>
Package pdftex.def Info: pic/border.jpg  used on input line 162.
(pdftex.def)             Requested size: 56.9055pt x 111.42143pt.
File: pic/border.jpg Graphic file (type jpg)
<use pic/border.jpg>
Package pdftex.def Info: pic/border.jpg  used on input line 162.
(pdftex.def)             Requested size: 56.9055pt x 111.42143pt.
File: pic/border.jpg Graphic file (type jpg)
<use pic/border.jpg>
Package pdftex.def Info: pic/border.jpg  used on input line 162.
(pdftex.def)             Requested size: 56.9055pt x 111.42143pt.
File: pic/border.jpg Graphic file (type jpg)
<use pic/border.jpg>
Package pdftex.def Info: pic/border.jpg  used on input line 162.
(pdftex.def)             Requested size: 56.9055pt x 111.42143pt.
File: pic/border.jpg Graphic file (type jpg)
<use pic/border.jpg>
Package pdftex.def Info: pic/border.jpg  used on input line 162.
(pdftex.def)             Requested size: 56.9055pt x 111.42143pt.
File: pic/border.jpg Graphic file (type jpg)
<use pic/border.jpg>
Package pdftex.def Info: pic/border.jpg  used on input line 162.
(pdftex.def)             Requested size: 56.9055pt x 111.42143pt.
File: pic/border.jpg Graphic file (type jpg)
<use pic/border.jpg>
Package pdftex.def Info: pic/border.jpg  used on input line 162.
(pdftex.def)             Requested size: 56.9055pt x 111.42143pt.
File: pic/border.jpg Graphic file (type jpg)
<use pic/border.jpg>
Package pdftex.def Info: pic/border.jpg  used on input line 162.
(pdftex.def)             Requested size: 56.9055pt x 111.42143pt.

Overfull \hbox (283.382pt too wide) in paragraph at lines 162--162
 [] 
 []

[4 <./border2.png> <./pic/border.jpg>]
Chapter 1.
[5

]
Chapter 2.
<pic/closeup.jpg, id=300, 569.12625pt x 263.98625pt>
File: pic/closeup.jpg Graphic file (type jpg)
<use pic/closeup.jpg>
Package pdftex.def Info: pic/closeup.jpg  used on input line 188.
(pdftex.def)             Requested size: 352.31625pt x 163.42809pt.
[6

 <./pic/closeup.jpg>]
<pic/M1.jpg, id=307, 284.06125pt x 405.515pt>
File: pic/M1.jpg Graphic file (type jpg)
<use pic/M1.jpg>
Package pdftex.def Info: pic/M1.jpg  used on input line 209.
(pdftex.def)             Requested size: 126.83427pt x 181.06308pt.
<pic/M2.jpg, id=308, 284.06125pt x 409.53pt>
File: pic/M2.jpg Graphic file (type jpg)
<use pic/M2.jpg>
Package pdftex.def Info: pic/M2.jpg  used on input line 214.
(pdftex.def)             Requested size: 126.83427pt x 182.85579pt.
<pic/M3.jpg, id=309, 284.06125pt x 409.53pt>
File: pic/M3.jpg Graphic file (type jpg)
<use pic/M3.jpg>
Package pdftex.def Info: pic/M3.jpg  used on input line 219.
(pdftex.def)             Requested size: 126.83427pt x 182.85579pt.
<pic/Ch1.jpg, id=310, 853.1875pt x 293.095pt>
File: pic/Ch1.jpg Graphic file (type jpg)
<use pic/Ch1.jpg>
Package pdftex.def Info: pic/Ch1.jpg  used on input line 234.
(pdftex.def)             Requested size: 422.77664pt x 145.23676pt.
<pic/Ch2.jpg, id=311, 569.12625pt x 211.79124pt>
File: pic/Ch2.jpg Graphic file (type jpg)
<use pic/Ch2.jpg>
Package pdftex.def Info: pic/Ch2.jpg  used on input line 239.
(pdftex.def)             Requested size: 422.77664pt x 157.33708pt.
<pic/Ch3.jpg, id=312, 569.12625pt x 213.79875pt>
File: pic/Ch3.jpg Graphic file (type jpg)
<use pic/Ch3.jpg>
Package pdftex.def Info: pic/Ch3.jpg  used on input line 244.
(pdftex.def)             Requested size: 422.77664pt x 158.82843pt.

Underfull \vbox (badness 10000) has occurred while \output is active []

 [7 <./pic/M1.jpg> <./pic/M2.jpg> <./pic/M3.jpg>]
<pic/Run1.jpg, id=320, 426.59375pt x 397.485pt>
File: pic/Run1.jpg Graphic file (type jpg)
<use pic/Run1.jpg>
Package pdftex.def Info: pic/Run1.jpg  used on input line 254.
(pdftex.def)             Requested size: 126.83427pt x 118.17896pt.
<pic/Run2.jpg, id=321, 426.59375pt x 386.44376pt>
File: pic/Run2.jpg Graphic file (type jpg)
<use pic/Run2.jpg>
Package pdftex.def Info: pic/Run2.jpg  used on input line 259.
(pdftex.def)             Requested size: 126.83427pt x 114.89621pt.
<pic/Run3.jpg, id=322, 426.59375pt x 432.61626pt>
File: pic/Run3.jpg Graphic file (type jpg)
<use pic/Run3.jpg>
Package pdftex.def Info: pic/Run3.jpg  used on input line 264.
(pdftex.def)             Requested size: 126.83427pt x 128.62407pt.

Underfull \vbox (badness 10000) has occurred while \output is active []

 [8 <./pic/Ch1.jpg> <./pic/Ch2.jpg> <./pic/Ch3.jpg>]
Underfull \hbox (badness 10000) in paragraph at lines 315--316

 []


Underfull \hbox (badness 10000) in paragraph at lines 319--320

 []


Overfull \hbox (11.99103pt too wide) in paragraph at lines 321--322
[]\OT1/cmtt/m/n/10 chain 3, place an unlabelled marker, chain 4, place a marker
 with the label "1B", chain
 []


Overfull \hbox (11.99103pt too wide) in paragraph at lines 331--333
\OT1/cmtt/m/n/10 5 sc, flip marker, 6 sc, flip marker, 1 sc, 2 ch (do not skip 
any stitches), 1 sc, flip
 []

[9 <./pic/Run1.jpg> <./pic/Run2.jpg> <./pic/Run3.jpg>]
Overfull \hbox (12.99121pt too wide) in paragraph at lines 345--349
\OT1/cmtt/m/n/10 The next segment will have 8 stitches total, which requires on
e decrease. That is,
 []


Overfull \hbox (18.24117pt too wide) in paragraph at lines 345--349
\OT1/cmtt/m/n/10 the segment currently has 9 stitches; in this row you will mak
e 7 sc and one sc2tog.
 []


Underfull \hbox (badness 10000) in paragraph at lines 345--349

 []


Overfull \hbox (2.4913pt too wide) in paragraph at lines 345--349
\OT1/cmtt/m/n/10 If you are in Row 1, the sc2tog can go anywhere. For subsequen
t rows, look for a
 []


Overfull \hbox (2.4913pt too wide) in paragraph at lines 345--349
\OT1/cmtt/m/n/10 portion of the segment that is flatter than the others. Work t
he sc2tog there to
 []


Overfull \hbox (12.99121pt too wide) in paragraph at lines 354--358
\OT1/cmtt/m/n/10 The next segment will have 8 stitches total, which requires on
e increase. That is,
 []


Overfull \hbox (7.74126pt too wide) in paragraph at lines 354--358
\OT1/cmtt/m/n/10 the segment currently has 7 stitches; in this row you will mak
e 8 sc, two of which
 []


Overfull \hbox (2.4913pt too wide) in paragraph at lines 354--358
\OT1/cmtt/m/n/10 If you are in Row 1, the increase can go anywhere. For subsequ
ent rows, look for
 []


Overfull \hbox (7.74126pt too wide) in paragraph at lines 354--358
\OT1/cmtt/m/n/10 a portion of the segment that is flatter than the others. Work
 the increase there
 []


Underfull \vbox (badness 2608) has occurred while \output is active []

 [10]
Underfull \vbox (badness 1194) has occurred while \output is active []

 [11]
File: rectangle.png Graphic file (type png)
<use rectangle.png>
Package pdftex.def Info: rectangle.png  used on input line 430.
(pdftex.def)             Requested size: 268.7534pt x 90.33727pt.

[12]
File: rectangle.png Graphic file (type png)
<use rectangle.png>
Package pdftex.def Info: rectangle.png  used on input line 691.
(pdftex.def)             Requested size: 341.43306pt x 114.76868pt.

Overfull \hbox (17.58145pt too wide) in paragraph at lines 691--692
 [][] 
 []

File: border2.png Graphic file (type png)
<use border2.png>
Package pdftex.def Info: border2.png  used on input line 924.
(pdftex.def)             Requested size: 469.75502pt x 117.4401pt.
[13] [14]
File: border2.png Graphic file (type png)
<use border2.png>
Package pdftex.def Info: border2.png  used on input line 1435.
(pdftex.def)             Requested size: 341.43306pt x 85.35835pt.

Overfull \hbox (17.58145pt too wide) in paragraph at lines 1435--1436
 [][] 
 []

<bk/end.jpg, id=387, 569.12625pt x 245.91875pt>
File: bk/end.jpg Graphic file (type jpg)
<use bk/end.jpg>
Package pdftex.def Info: bk/end.jpg  used on input line 1448.
(pdftex.def)             Requested size: 200.81825pt x 86.77454pt.
<bk/end2.jpg, id=388, 853.1875pt x 389.455pt>
File: bk/end2.jpg Graphic file (type jpg)
<use bk/end2.jpg>
Package pdftex.def Info: bk/end2.jpg  used on input line 1454.
(pdftex.def)             Requested size: 200.81825pt x 91.66455pt.
<bk/oval.jpg, id=389, 853.1875pt x 401.5pt>
File: bk/oval.jpg Graphic file (type jpg)
<use bk/oval.jpg>
Package pdftex.def Info: bk/oval.jpg  used on input line 1464.
(pdftex.def)             Requested size: 200.81825pt x 94.49954pt.
<bk/oval2.jpg, id=390, 853.1875pt x 350.30875pt>
File: bk/oval2.jpg Graphic file (type jpg)
<use bk/oval2.jpg>
Package pdftex.def Info: bk/oval2.jpg  used on input line 1470.
(pdftex.def)             Requested size: 200.81825pt x 82.45085pt.
<bk/twist.jpg, id=391, 853.1875pt x 587.19376pt>
File: bk/twist.jpg Graphic file (type jpg)
<use bk/twist.jpg>
Package pdftex.def Info: bk/twist.jpg  used on input line 1479.
(pdftex.def)             Requested size: 200.81825pt x 138.20558pt.
<bk/twist2.jpg, id=392, 853.1875pt x 613.29124pt>
File: bk/twist2.jpg Graphic file (type jpg)
<use bk/twist2.jpg>
Package pdftex.def Info: bk/twist2.jpg  used on input line 1485.
(pdftex.def)             Requested size: 200.81825pt x 144.34805pt.
[15 <./bk/end.jpg> <./bk/end2.jpg>]
<bk/slst1.jpg, id=399, 1902.10625pt x 1878.01625pt>
File: bk/slst1.jpg Graphic file (type jpg)
<use bk/slst1.jpg>
Package pdftex.def Info: bk/slst1.jpg  used on input line 1498.
(pdftex.def)             Requested size: 133.8811pt x 132.16231pt.
<bk/slst2.jpg, id=400, 426.59375pt x 417.56pt>
File: bk/slst2.jpg Graphic file (type jpg)
<use bk/slst2.jpg>
Package pdftex.def Info: bk/slst2.jpg  used on input line 1504.
(pdftex.def)             Requested size: 133.8811pt x 131.04785pt.
<bk/slst3.jpg, id=401, 426.59375pt x 425.59pt>
File: bk/slst3.jpg Graphic file (type jpg)
<use bk/slst3.jpg>
Package pdftex.def Info: bk/slst3.jpg  used on input line 1510.
(pdftex.def)             Requested size: 133.8811pt x 133.56801pt.
<bk/slstcorner1.jpg, id=402, 426.59375pt x 713.66624pt>
File: bk/slstcorner1.jpg Graphic file (type jpg)
<use bk/slstcorner1.jpg>
Package pdftex.def Info: bk/slstcorner1.jpg  used on input line 1523.
(pdftex.def)             Requested size: 133.8811pt x 223.97844pt.
<bk/slstcorner2.jpg, id=403, 426.59375pt x 709.65125pt>
File: bk/slstcorner2.jpg Graphic file (type jpg)
<use bk/slstcorner2.jpg>
Package pdftex.def Info: bk/slstcorner2.jpg  used on input line 1529.
(pdftex.def)             Requested size: 133.8811pt x 222.71837pt.
<bk/inside.jpg, id=404, 426.59375pt x 729.72626pt>
File: bk/inside.jpg Graphic file (type jpg)
<use bk/inside.jpg>
Package pdftex.def Info: bk/inside.jpg  used on input line 1535.
(pdftex.def)             Requested size: 133.8811pt x 229.01875pt.
 [16 <./bk/oval.jpg> <./bk/oval2.jpg> <./bk/twist.jpg> <./bk/twist2.jpg> <./bk/
slst1.jpg> <./bk/slst2.jpg> <./bk/slst3.jpg>]
<bk/line.jpg, id=412, 569.12625pt x 348.30125pt>
File: bk/line.jpg Graphic file (type jpg)
<use bk/line.jpg>
Package pdftex.def Info: bk/line.jpg  used on input line 1548.
(pdftex.def)             Requested size: 352.31625pt x 215.62566pt.
<bk/weave1.jpg, id=413, 426.59375pt x 472.76625pt>
File: bk/weave1.jpg Graphic file (type jpg)
<use bk/weave1.jpg>
Package pdftex.def Info: bk/weave1.jpg  used on input line 1558.
(pdftex.def)             Requested size: 200.81825pt x 222.56085pt.
<bk/weave2.jpg, id=414, 426.59375pt x 521.95pt>
File: bk/weave2.jpg Graphic file (type jpg)
<use bk/weave2.jpg>
Package pdftex.def Info: bk/weave2.jpg  used on input line 1564.
(pdftex.def)             Requested size: 200.81825pt x 245.71474pt.

Underfull \vbox (badness 10000) has occurred while \output is active []

 [17 <./bk/slstcorner1.jpg> <./bk/slstcorner2.jpg> <./bk/inside.jpg> <./bk/line
.jpg>]
<bk/join1.jpg, id=421, 426.59375pt x 358.33875pt>
File: bk/join1.jpg Graphic file (type jpg)
<use bk/join1.jpg>
Package pdftex.def Info: bk/join1.jpg  used on input line 1577.
(pdftex.def)             Requested size: 133.8811pt x 112.46175pt.
<bk/join2.jpg, id=422, 426.59375pt x 348.30125pt>
File: bk/join2.jpg Graphic file (type jpg)
<use bk/join2.jpg>
Package pdftex.def Info: bk/join2.jpg  used on input line 1583.
(pdftex.def)             Requested size: 133.8811pt x 109.31155pt.
<bk/join3.jpg, id=423, 426.59375pt x 364.36125pt>
File: bk/join3.jpg Graphic file (type jpg)
<use bk/join3.jpg>
Package pdftex.def Info: bk/join3.jpg  used on input line 1589.
(pdftex.def)             Requested size: 133.8811pt x 114.35185pt.
<bk/join4.jpg, id=424, 426.59375pt x 199.74625pt>
File: bk/join4.jpg Graphic file (type jpg)
<use bk/join4.jpg>
Package pdftex.def Info: bk/join4.jpg  used on input line 1594.
(pdftex.def)             Requested size: 133.8811pt x 62.68875pt.
<bk/join5.jpg, id=425, 426.59375pt x 200.75pt>
File: bk/join5.jpg Graphic file (type jpg)
<use bk/join5.jpg>
Package pdftex.def Info: bk/join5.jpg  used on input line 1600.
(pdftex.def)             Requested size: 133.8811pt x 63.00377pt.
<bk/join6.jpg, id=426, 426.59375pt x 204.765pt>
File: bk/join6.jpg Graphic file (type jpg)
<use bk/join6.jpg>
Package pdftex.def Info: bk/join6.jpg  used on input line 1606.
(pdftex.def)             Requested size: 133.8811pt x 64.26384pt.
<bk/top1.jpg, id=427, 426.59375pt x 625.33624pt>
File: bk/top1.jpg Graphic file (type jpg)
<use bk/top1.jpg>
Package pdftex.def Info: bk/top1.jpg  used on input line 1619.
(pdftex.def)             Requested size: 200.81825pt x 294.38516pt.
<bk/top2.jpg, id=428, 426.59375pt x 626.34pt>
File: bk/top2.jpg Graphic file (type jpg)
<use bk/top2.jpg>
Package pdftex.def Info: bk/top2.jpg  used on input line 1625.
(pdftex.def)             Requested size: 200.81825pt x 294.8577pt.

[18 <./bk/weave1.jpg> <./bk/weave2.jpg> <./bk/join1.jpg> <./bk/join2.jpg> <./bk
/join3.jpg> <./bk/join4.jpg> <./bk/join5.jpg> <./bk/join6.jpg>]
<bk/top5.jpg, id=435, 426.59375pt x 454.69875pt>
File: bk/top5.jpg Graphic file (type jpg)
<use bk/top5.jpg>
Package pdftex.def Info: bk/top5.jpg  used on input line 1635.
(pdftex.def)             Requested size: 200.81825pt x 214.05534pt.
<bk/top6.jpg, id=436, 426.59375pt x 447.6725pt>
File: bk/top6.jpg Graphic file (type jpg)
<use bk/top6.jpg>
Package pdftex.def Info: bk/top6.jpg  used on input line 1641.
(pdftex.def)             Requested size: 200.81825pt x 210.74765pt.
<bk/top7.jpg, id=437, 426.59375pt x 436.63126pt>
File: bk/top7.jpg Graphic file (type jpg)
<use bk/top7.jpg>
Package pdftex.def Info: bk/top7.jpg  used on input line 1647.
(pdftex.def)             Requested size: 200.81825pt x 205.54984pt.
<bk/top8.jpg, id=438, 426.59375pt x 414.54875pt>
File: bk/top8.jpg Graphic file (type jpg)
<use bk/top8.jpg>
Package pdftex.def Info: bk/top8.jpg  used on input line 1653.
(pdftex.def)             Requested size: 200.81825pt x 195.1542pt.

Underfull \vbox (badness 10000) has occurred while \output is active []

 [19 <./bk/top1.jpg> <./bk/top2.jpg>]
<bk/under1.jpg, id=445, 426.59375pt x 207.77625pt>
File: bk/under1.jpg Graphic file (type jpg)
<use bk/under1.jpg>
Package pdftex.def Info: bk/under1.jpg  used on input line 1667.
(pdftex.def)             Requested size: 200.81825pt x 97.81335pt.
<bk/under2.jpg, id=446, 426.59375pt x 207.77625pt>
File: bk/under2.jpg Graphic file (type jpg)
<use bk/under2.jpg>
Package pdftex.def Info: bk/under2.jpg  used on input line 1673.
(pdftex.def)             Requested size: 200.81825pt x 97.81335pt.

Underfull \vbox (badness 10000) has occurred while \output is active []

 [20 <./bk/top5.jpg> <./bk/top6.jpg> <./bk/top7.jpg> <./bk/top8.jpg>]
<bk/weave3.jpg, id=452, 426.59375pt x 519.9425pt>
File: bk/weave3.jpg Graphic file (type jpg)
<use bk/weave3.jpg>
Package pdftex.def Info: bk/weave3.jpg  used on input line 1685.
(pdftex.def)             Requested size: 200.81825pt x 244.7697pt.
<bk/weave4.jpg, id=453, 410.53375pt x 502.87875pt>
File: bk/weave4.jpg Graphic file (type jpg)
<use bk/weave4.jpg>
Package pdftex.def Info: bk/weave4.jpg  used on input line 1691.
(pdftex.def)             Requested size: 200.81825pt x 245.9907pt.
<bk/done3.jpg, id=454, 426.59375pt x 222.8325pt>
File: bk/done3.jpg Graphic file (type jpg)
<use bk/done3.jpg>
Package pdftex.def Info: bk/done3.jpg  used on input line 1702.
(pdftex.def)             Requested size: 200.81825pt x 104.90129pt.
<bk/done4.jpg, id=455, 426.59375pt x 210.7875pt>
File: bk/done4.jpg Graphic file (type jpg)
<use bk/done4.jpg>
Package pdftex.def Info: bk/done4.jpg  used on input line 1708.
(pdftex.def)             Requested size: 200.81825pt x 99.23096pt.

Underfull \vbox (badness 10000) has occurred while \output is active []

 [21 <./bk/under1.jpg> <./bk/under2.jpg> <./bk/weave3.jpg> <./bk/weave4.jpg>] [
22 <./bk/done3.jpg> <./bk/done4.jpg>]
Chapter 3.

Underfull \vbox (badness 10000) has occurred while \output is active []

 [23

]
Underfull \vbox (badness 10000) has occurred while \output is active []

 [24]
[25] [26]
Underfull \vbox (badness 10000) has occurred while \output is active []

 [27]
[28]
Overfull \hbox (7.43942pt too wide) in paragraph at lines 2643--2644
 [][] 
 []


Overfull \hbox (12.83228pt too wide) in paragraph at lines 2625--2668
[][]  [] 
 []


Overfull \hbox (23.5072pt too wide) in paragraph at lines 2680--2727
[][]   []
 []


Underfull \hbox (badness 10000) in paragraph at lines 2680--2727

 []


Underfull \vbox (badness 10000) has occurred while \output is active []

 [29]
Underfull \hbox (badness 2119) in paragraph at lines 2863--2863
[]\OT1/cmr/m/n/10 D-type cor-ner: smooth
 []


Overfull \hbox (28.96808pt too wide) in paragraph at lines 2903--2904
[][] 
 []


LaTeX Warning: `h' float specifier changed to `ht'.

[30] [31]
Chapter 4.

Package hyperref Warning: The anchor of a bookmark and its parent's must not
(hyperref)                be the same. Added a new anchor on input line 2910.

[32

]
Missing character: There is no ( in font nullfont!
Missing character: There is no - in font nullfont!
Missing character: There is no . in font nullfont!
Missing character: There is no 2 in font nullfont!
Missing character: There is no , in font nullfont!
Missing character: There is no 0 in font nullfont!
Missing character: There is no ) in font nullfont!
Missing character: There is no - in font nullfont!
Missing character: There is no - in font nullfont!
Missing character: There is no ( in font nullfont!
Missing character: There is no 1 in font nullfont!
Missing character: There is no , in font nullfont!
Missing character: There is no 0 in font nullfont!
Missing character: There is no ) in font nullfont!
Missing character: There is no a in font nullfont!
Missing character: There is no r in font nullfont!
Missing character: There is no c in font nullfont!
Missing character: There is no ( in font nullfont!
Missing character: There is no 9 in font nullfont!
Missing character: There is no 0 in font nullfont!
Missing character: There is no : in font nullfont!
Missing character: There is no 4 in font nullfont!
Missing character: There is no 5 in font nullfont!
Missing character: There is no : in font nullfont!
Missing character: There is no 3 in font nullfont!
Missing character: There is no c in font nullfont!
Missing character: There is no m in font nullfont!
Missing character: There is no ) in font nullfont!
Missing character: There is no ; in font nullfont!
Missing character: There is no ( in font nullfont!
Missing character: There is no - in font nullfont!
Missing character: There is no . in font nullfont!
Missing character: There is no 2 in font nullfont!
Missing character: There is no , in font nullfont!
Missing character: There is no 0 in font nullfont!
Missing character: There is no ) in font nullfont!
Missing character: There is no - in font nullfont!
Missing character: There is no - in font nullfont!
Missing character: There is no ( in font nullfont!
Missing character: There is no 1 in font nullfont!
Missing character: There is no , in font nullfont!
Missing character: There is no 0 in font nullfont!
Missing character: There is no ) in font nullfont!
Missing character: There is no a in font nullfont!
Missing character: There is no r in font nullfont!
Missing character: There is no c in font nullfont!
Missing character: There is no ( in font nullfont!
Missing character: There is no 9 in font nullfont!
Missing character: There is no 0 in font nullfont!
Missing character: There is no : in font nullfont!
Missing character: There is no 4 in font nullfont!
Missing character: There is no 5 in font nullfont!
Missing character: There is no : in font nullfont!
Missing character: There is no 3 in font nullfont!
Missing character: There is no c in font nullfont!
Missing character: There is no m in font nullfont!
Missing character: There is no ) in font nullfont!
Missing character: There is no ; in font nullfont!
Missing character: There is no ( in font nullfont!
Missing character: There is no - in font nullfont!
Missing character: There is no . in font nullfont!
Missing character: There is no 2 in font nullfont!
Missing character: There is no , in font nullfont!
Missing character: There is no 0 in font nullfont!
Missing character: There is no ) in font nullfont!
Missing character: There is no - in font nullfont!
Missing character: There is no - in font nullfont!
Missing character: There is no ( in font nullfont!
Missing character: There is no 1 in font nullfont!
Missing character: There is no , in font nullfont!
Missing character: There is no 0 in font nullfont!
Missing character: There is no ) in font nullfont!
Missing character: There is no a in font nullfont!
Missing character: There is no r in font nullfont!
Missing character: There is no c in font nullfont!
Missing character: There is no ( in font nullfont!
Missing character: There is no 9 in font nullfont!
Missing character: There is no 0 in font nullfont!
Missing character: There is no : in font nullfont!
Missing character: There is no 4 in font nullfont!
Missing character: There is no 5 in font nullfont!
Missing character: There is no : in font nullfont!
Missing character: There is no 3 in font nullfont!
Missing character: There is no c in font nullfont!
Missing character: There is no m in font nullfont!
Missing character: There is no ) in font nullfont!
Missing character: There is no ; in font nullfont!
File: border2.png Graphic file (type png)
<use border2.png>
Package pdftex.def Info: border2.png  used on input line 3032.
(pdftex.def)             Requested size: 682.86613pt x 170.7167pt.

Overfull \hbox (49.89403pt too wide) in paragraph at lines 3032--3033
 [][] 
 []


Underfull \vbox (badness 3547) has occurred while \output is active []

 [33]
<border2_1.png, id=563, 722.7pt x 180.675pt>
File: border2_1.png Graphic file (type png)
<use border2_1.png>
Package pdftex.def Info: border2_1.png  used on input line 3057.
(pdftex.def)             Requested size: 682.86613pt x 170.7167pt.
<border2_2.png, id=566, 722.7pt x 180.675pt>
File: border2_2.png Graphic file (type png)
<use border2_2.png>
Package pdftex.def Info: border2_2.png  used on input line 3086.
(pdftex.def)             Requested size: 682.86613pt x 170.7167pt.

Underfull \vbox (badness 10000) has occurred while \output is active []

 [34 <./border2_1.png (PNG copy)>]
<border2_3.png, id=575, 722.7pt x 180.675pt>
File: border2_3.png Graphic file (type png)
<use border2_3.png>
Package pdftex.def Info: border2_3.png  used on input line 3117.
(pdftex.def)             Requested size: 682.86613pt x 170.7167pt.
 [35 <./border2_2.png (PNG copy)> <./border2_3.png>]
<runs.png, id=587, 361.35pt x 180.675pt>
File: runs.png Graphic file (type png)
<use runs.png>
Package pdftex.def Info: runs.png  used on input line 3204.
(pdftex.def)             Requested size: 455.24408pt x 227.62411pt.
<runs_1.png, id=590, 481.8pt x 240.9pt>
File: runs_1.png Graphic file (type png)
<use runs_1.png>
Package pdftex.def Info: runs_1.png  used on input line 3234.
(pdftex.def)             Requested size: 455.24408pt x 227.62964pt.

Underfull \vbox (badness 10000) has occurred while \output is active []

 [36 <./runs.png (PNG copy)>]
<runs_2.png, id=598, 481.8pt x 240.9pt>
File: runs_2.png Graphic file (type png)
<use runs_2.png>
Package pdftex.def Info: runs_2.png  used on input line 3276.
(pdftex.def)             Requested size: 455.24408pt x 227.62964pt.
 [37 <./runs_1.png (PNG copy)> <./runs_2.png (PNG copy)>]
<runs_3.png, id=608, 481.8pt x 240.9pt>
File: runs_3.png Graphic file (type png)
<use runs_3.png>
Package pdftex.def Info: runs_3.png  used on input line 3310.
(pdftex.def)             Requested size: 455.24408pt x 227.62964pt.
<runs_4.png, id=611, 481.8pt x 240.9pt>
File: runs_4.png Graphic file (type png)
<use runs_4.png>
Package pdftex.def Info: runs_4.png  used on input line 3343.
(pdftex.def)             Requested size: 455.24408pt x 227.62964pt.

[38 <./runs_3.png (PNG copy)> <./runs_4.png (PNG copy)>]
<runs_5.png, id=620, 481.8pt x 240.9pt>
File: runs_5.png Graphic file (type png)
<use runs_5.png>
Package pdftex.def Info: runs_5.png  used on input line 3369.
(pdftex.def)             Requested size: 455.24408pt x 227.62964pt.
<runs_6.png, id=623, 481.8pt x 240.9pt>
File: runs_6.png Graphic file (type png)
<use runs_6.png>
Package pdftex.def Info: runs_6.png  used on input line 3392.
(pdftex.def)             Requested size: 455.24408pt x 227.62964pt.
 [39 <./runs_5.png (PNG copy)> <./runs_6.png (PNG copy)>] [40]
<pic/binder.png, id=650, 1184.425pt x 279.0425pt>
File: pic/binder.png Graphic file (type png)
<use pic/binder.png>
Package pdftex.def Info: pic/binder.png  used on input line 3467.
(pdftex.def)             Requested size: 469.75502pt x 110.66977pt.
<pic/notebook.png, id=651, 1164.35pt x 619.31375pt>
File: pic/notebook.png Graphic file (type png)
<use pic/notebook.png>
Package pdftex.def Info: pic/notebook.png  used on input line 3474.
(pdftex.def)             Requested size: 469.75502pt x 249.8568pt.

Underfull \vbox (badness 10000) has occurred while \output is active []

 [41 <./pic/binder.png>]
<pic/defaults.png, id=661, 1119.18124pt x 347.2975pt>
File: pic/defaults.png Graphic file (type png)
<use pic/defaults.png>
Package pdftex.def Info: pic/defaults.png  used on input line 3486.
(pdftex.def)             Requested size: 352.31625pt x 109.3304pt.
<pic/buttons.png, id=662, 466.74374pt x 238.8925pt>
File: pic/buttons.png Graphic file (type png)
<use pic/buttons.png>
Package pdftex.def Info: pic/buttons.png  used on input line 3496.
(pdftex.def)             Requested size: 234.8775pt x 120.21873pt.
 [42 <./pic/notebook.png> <./pic/defaults.png>]
<pic/markers.png, id=673, 625.33624pt x 69.25874pt>
File: pic/markers.png Graphic file (type png)
<use pic/markers.png>
Package pdftex.def Info: pic/markers.png  used on input line 3505.
(pdftex.def)             Requested size: 352.31625pt x 39.02135pt.
 [43 <./pic/buttons.png> <./pic/markers.png>] [44]
Chapter 5.

Package hyperref Warning: The anchor of a bookmark and its parent's must not
(hyperref)                be the same. Added a new anchor on input line 3549.


Underfull \vbox (badness 10000) has occurred while \output is active []

 [45

]
[46]
Underfull \hbox (badness 2529) in paragraph at lines 3729--3733
[]|\OT1/cmr/m/n/10 If we take the num-ber of rows as $[]$,
 []


Overfull \hbox (14.11076pt too wide) in paragraph at lines 3721--3743
 [][] 
 []


Underfull \vbox (badness 10000) has occurred while \output is active []

 [47]
[48]
Missing character: There is no ; in font nullfont!
 [49] [50] [51]
Overfull \hbox (2.03647pt too wide) in paragraph at lines 4081--4083
[]\OT1/cmr/m/n/10 So, the eighth-circles each have ar-clength $[] []$, and the 
half-circle has ar-clength $\OML/cmm/m/it/10 ^^Y []$\OT1/cmr/m/n/10 . 
 []

[52]
Underfull \vbox (badness 5475) has occurred while \output is active []

 [53]
[54] [55] [56] [57] [58]
Chapter 6.
[59

]
Chapter 7.
<CCBY.png, id=796, 88.33pt x 31.11626pt>
File: CCBY.png Graphic file (type png)
<use CCBY.png>
Package pdftex.def Info: CCBY.png  used on input line 4637.
(pdftex.def)             Requested size: 88.32977pt x 31.11617pt.
[60

 <./CCBY.png>]
Appendix A.

Underfull \vbox (badness 10000) has occurred while \output is active []

 [61

]
Underfull \vbox (badness 10000) has occurred while \output is active []

 [62]
Underfull \vbox (badness 10000) has occurred while \output is active []

 [63]
Overfull \hbox (2.14603pt too wide) in paragraph at lines 4926--4927
 [][] 
 []


Underfull \vbox (badness 10000) has occurred while \output is active []

 [64]
[65] [66]
Appendix B.

Package hyperref Warning: The anchor of a bookmark and its parent's must not
(hyperref)                be the same. Added a new anchor on input line 5073.

(/usr/local/texlive/2020/texmf-dist/tex/latex/listings/lstlang1.sty
File: lstlang1.sty 2020/03/24 1.8d listings language file
)
(./AGeneralMethod.lof [67

] [68])
\tf@lof=\write6
\openout6 = `AGeneralMethod.lof'.

 (./AGeneralMethod.lot
Underfull \vbox (badness 10000) has occurred while \output is active []

 [69])
\tf@lot=\write7
\openout7 = `AGeneralMethod.lot'.


[70]
Package atveryend Info: Empty hook `BeforeClearDocument' on input line 5457.
Package atveryend Info: Empty hook `AfterLastShipout' on input line 5457.
 (./AGeneralMethod.aux)
Package atveryend Info: Executing hook `AtVeryEndDocument' on input line 5457.
Package atveryend Info: Executing hook `AtEndAfterFileList' on input line 5457.



Package rerunfilecheck Warning: File `AGeneralMethod.out' has changed.
(rerunfilecheck)                Rerun to get outlines right
(rerunfilecheck)                or use package `bookmark'.

Package rerunfilecheck Info: Checksums for `AGeneralMethod.out':
(rerunfilecheck)             Before: CC2A447EA684BD5DFC1A66DDD50D30B1;3721
(rerunfilecheck)             After:  EFC4CA64CEF5674C4986CC4FDDB7809C;3719.

LaTeX Warning: There were multiply-defined labels.

Package atveryend Info: Empty hook `AtVeryVeryEnd' on input line 5457.
 ) 
Here is how much of TeX's memory you used:
 23378 strings out of 480608
 439840 string characters out of 5903631
 1049861 words of memory out of 5000000
 38561 multiletter control sequences out of 15000+600000
 542831 words of font info for 61 fonts, out of 8000000 for 9000
 1141 hyphenation exceptions out of 8191
 60i,17n,65p,734b,1237s stack positions out of 5000i,500n,10000p,200000b,80000s
{/usr/local/texlive/2020/texmf-dist/fonts/enc/dvips/cm-super/cm-super-ts1.enc
}</usr/local/texlive/2020/texmf-dist/fonts/type1/public/amsfonts/cm/cmbx10.pfb>
</usr/local/texlive/2020/texmf-dist/fonts/type1/public/amsfonts/cm/cmbx12.pfb><
/usr/local/texlive/2020/texmf-dist/fonts/type1/public/amsfonts/cm/cmex10.pfb></
usr/local/texlive/2020/texmf-dist/fonts/type1/public/amsfonts/cmextra/cmex9.pfb
></usr/local/texlive/2020/texmf-dist/fonts/type1/public/amsfonts/cm/cmmi10.pfb>
</usr/local/texlive/2020/texmf-dist/fonts/type1/public/amsfonts/cm/cmmi12.pfb><
/usr/local/texlive/2020/texmf-dist/fonts/type1/public/amsfonts/cm/cmmi7.pfb></u
sr/local/texlive/2020/texmf-dist/fonts/type1/public/amsfonts/cm/cmmi9.pfb></usr
/local/texlive/2020/texmf-dist/fonts/type1/public/amsfonts/cm/cmr10.pfb></usr/l
ocal/texlive/2020/texmf-dist/fonts/type1/public/amsfonts/cm/cmr12.pfb></usr/loc
al/texlive/2020/texmf-dist/fonts/type1/public/amsfonts/cm/cmr17.pfb></usr/local
/texlive/2020/texmf-dist/fonts/type1/public/amsfonts/cm/cmr5.pfb></usr/local/te
xlive/2020/texmf-dist/fonts/type1/public/amsfonts/cm/cmr6.pfb></usr/local/texli
ve/2020/texmf-dist/fonts/type1/public/amsfonts/cm/cmr7.pfb></usr/local/texlive/
2020/texmf-dist/fonts/type1/public/amsfonts/cm/cmr8.pfb></usr/local/texlive/202
0/texmf-dist/fonts/type1/public/amsfonts/cm/cmr9.pfb></usr/local/texlive/2020/t
exmf-dist/fonts/type1/public/amsfonts/cm/cmsy10.pfb></usr/local/texlive/2020/te
xmf-dist/fonts/type1/public/amsfonts/cm/cmsy6.pfb></usr/local/texlive/2020/texm
f-dist/fonts/type1/public/amsfonts/cm/cmsy7.pfb></usr/local/texlive/2020/texmf-
dist/fonts/type1/public/amsfonts/cm/cmsy9.pfb></usr/local/texlive/2020/texmf-di
st/fonts/type1/public/amsfonts/cm/cmti10.pfb></usr/local/texlive/2020/texmf-dis
t/fonts/type1/public/amsfonts/cm/cmtt10.pfb></usr/local/texlive/2020/texmf-dist
/fonts/type1/public/amsfonts/cm/cmtt8.pfb></usr/local/texlive/2020/texmf-dist/f
onts/type1/public/cm-super/sfrm0800.pfb></usr/local/texlive/2020/texmf-dist/fon
ts/type1/public/cm-super/sfrm1000.pfb>
Output written on AGeneralMethod.pdf (70 pages, 7581275 bytes).
PDF statistics:
 1137 PDF objects out of 1200 (max. 8388607)
 941 compressed objects within 10 object streams
 247 named destinations out of 1000 (max. 500000)
 741 words of extra memory for PDF output out of 10000 (max. 10000000)

